<?xml version="1.0" encoding="UTF-8"?>
<!-- Generated by org.testng.reporters.JUnitReportReporter -->
<testsuite skipped="0" hostname="LAPTOP-PS1Q7V05" name="com.training.sanity.tests.UniformRegistrationUFM_001" tests="1" failures="0" timestamp="23 Oct 2019 04:10:40 GMT" time="11.428" errors="0">
  <testcase name="f" time="11.428" classname="com.training.sanity.tests.UniformRegistrationUFM_001"/>
</testsuite> <!-- com.training.sanity.tests.UniformRegistrationUFM_001 -->
