<?xml version="1.0" encoding="UTF-8"?>
<!-- Generated by org.testng.reporters.JUnitReportReporter -->
<testsuite skipped="0" hostname="LAPTOP-PS1Q7V05" name="com.training.sanity.tests.UniformadminloginUNF_018" tests="2" failures="0" timestamp="24 Oct 2019 10:10:32 GMT" time="26.444" errors="0">
  <testcase name="Customer" time="13.843" classname="com.training.sanity.tests.UniformadminloginUNF_018"/>
  <testcase name="ReturnIDCheck" time="12.601" classname="com.training.sanity.tests.UniformadminloginUNF_018"/>
</testsuite> <!-- com.training.sanity.tests.UniformadminloginUNF_018 -->
