<?xml version="1.0" encoding="UTF-8"?>
<!-- Generated by org.testng.reporters.JUnitReportReporter -->
<testsuite skipped="0" hostname="LAPTOP-PS1Q7V05" name="com.training.sanity.tests.UniformadminloginUNF_047" tests="1" failures="0" timestamp="05 Nov 2019 04:58:28 GMT" time="19.485" errors="0">
  <testcase name="Adminlogin5" time="19.485" classname="com.training.sanity.tests.UniformadminloginUNF_047"/>
</testsuite> <!-- com.training.sanity.tests.UniformadminloginUNF_047 -->
