<?xml version="1.0" encoding="UTF-8"?>
<!-- Generated by org.testng.reporters.JUnitReportReporter -->
<testsuite skipped="0" hostname="LAPTOP-PS1Q7V05" name="com.training.sanity.tests.UniformadminloginUNF_017" tests="1" failures="0" timestamp="24 Oct 2019 08:10:32 GMT" time="14.182" errors="0">
  <testcase name="Adminlogin" time="14.182" classname="com.training.sanity.tests.UniformadminloginUNF_017"/>
</testsuite> <!-- com.training.sanity.tests.UniformadminloginUNF_017 -->
